c:\users\julien\documents\github\halloween3d\halloweensrc\projet_vc8\projet_vc6.bsc
c:\users\julien\documents\github\halloween3d\halloweensrc\projet_vc8\temp_obj\vc141.pdb
c:\users\julien\documents\github\halloween3d\halloweensrc\projet_vc8\temp_obj\alloween.sbr
c:\users\julien\documents\github\halloween3d\halloweensrc\projet_vc8\temp_obj\bspfile.sbr
c:\users\julien\documents\github\halloween3d\halloweensrc\projet_vc8\temp_obj\bsptree.sbr
c:\users\julien\documents\github\halloween3d\halloweensrc\projet_vc8\temp_obj\camera.sbr
c:\users\julien\documents\github\halloween3d\halloweensrc\projet_vc8\temp_obj\collision.sbr
c:\users\julien\documents\github\halloween3d\halloweensrc\projet_vc8\temp_obj\console.sbr
c:\users\julien\documents\github\halloween3d\halloweensrc\projet_vc8\temp_obj\demo.sbr
c:\users\julien\documents\github\halloween3d\halloweensrc\projet_vc8\temp_obj\display.sbr
c:\users\julien\documents\github\halloween3d\halloweensrc\projet_vc8\temp_obj\dsound.sbr
c:\users\julien\documents\github\halloween3d\halloweensrc\projet_vc8\temp_obj\ellipsoide.sbr
c:\users\julien\documents\github\halloween3d\halloweensrc\projet_vc8\temp_obj\enveffect.sbr
c:\users\julien\documents\github\halloween3d\halloweensrc\projet_vc8\temp_obj\filesys.sbr
c:\users\julien\documents\github\halloween3d\halloweensrc\projet_vc8\temp_obj\frustrum.sbr
c:\users\julien\documents\github\halloween3d\halloweensrc\projet_vc8\temp_obj\game.sbr
c:\users\julien\documents\github\halloween3d\halloweensrc\projet_vc8\temp_obj\gameover.sbr
c:\users\julien\documents\github\halloween3d\halloweensrc\projet_vc8\temp_obj\halloween.sbr
c:\users\julien\documents\github\halloween3d\halloweensrc\projet_vc8\temp_obj\image.sbr
c:\users\julien\documents\github\halloween3d\halloweensrc\projet_vc8\temp_obj\imageloader_win.sbr
c:\users\julien\documents\github\halloween3d\halloweensrc\projet_vc8\temp_obj\input_win.sbr
c:\users\julien\documents\github\halloween3d\halloweensrc\projet_vc8\temp_obj\interface.sbr
c:\users\julien\documents\github\halloween3d\halloweensrc\projet_vc8\temp_obj\interface.obj
c:\users\julien\documents\github\halloween3d\halloweensrc\projet_vc8\temp_obj\input_win.obj
c:\users\julien\documents\github\halloween3d\halloweensrc\projet_vc8\temp_obj\imageloader_win.obj
c:\users\julien\documents\github\halloween3d\halloweensrc\projet_vc8\temp_obj\image.obj
c:\users\julien\documents\github\halloween3d\halloweensrc\projet_vc8\temp_obj\halloween.obj
c:\users\julien\documents\github\halloween3d\halloweensrc\projet_vc8\temp_obj\gameover.obj
c:\users\julien\documents\github\halloween3d\halloweensrc\projet_vc8\temp_obj\game.obj
c:\users\julien\documents\github\halloween3d\halloweensrc\projet_vc8\temp_obj\frustrum.obj
c:\users\julien\documents\github\halloween3d\halloweensrc\projet_vc8\temp_obj\filesys.obj
c:\users\julien\documents\github\halloween3d\halloweensrc\projet_vc8\temp_obj\enveffect.obj
c:\users\julien\documents\github\halloween3d\halloweensrc\projet_vc8\temp_obj\ellipsoide.obj
c:\users\julien\documents\github\halloween3d\halloweensrc\projet_vc8\temp_obj\dsound.obj
c:\users\julien\documents\github\halloween3d\halloweensrc\projet_vc8\temp_obj\display.obj
c:\users\julien\documents\github\halloween3d\halloweensrc\projet_vc8\temp_obj\demo.obj
c:\users\julien\documents\github\halloween3d\halloweensrc\projet_vc8\temp_obj\console.obj
c:\users\julien\documents\github\halloween3d\halloweensrc\projet_vc8\temp_obj\collision.obj
c:\users\julien\documents\github\halloween3d\halloweensrc\projet_vc8\temp_obj\camera.obj
c:\users\julien\documents\github\halloween3d\halloweensrc\projet_vc8\temp_obj\bsptree.obj
c:\users\julien\documents\github\halloween3d\halloweensrc\projet_vc8\temp_obj\bspfile.obj
c:\users\julien\documents\github\halloween3d\halloweensrc\projet_vc8\temp_obj\alloween.obj
c:\users\julien\documents\github\halloween3d\halloweensrc\projet_vc8\temp_obj\jpeg.sbr
c:\users\julien\documents\github\halloween3d\halloweensrc\projet_vc8\temp_obj\libbass.sbr
c:\users\julien\documents\github\halloween3d\halloweensrc\projet_vc8\temp_obj\liste.sbr
c:\users\julien\documents\github\halloween3d\halloweensrc\projet_vc8\temp_obj\maths.sbr
c:\users\julien\documents\github\halloween3d\halloweensrc\projet_vc8\temp_obj\menu.sbr
c:\users\julien\documents\github\halloween3d\halloweensrc\projet_vc8\temp_obj\menu_init.sbr
c:\users\julien\documents\github\halloween3d\halloweensrc\projet_vc8\temp_obj\menu_sel.sbr
c:\users\julien\documents\github\halloween3d\halloweensrc\projet_vc8\temp_obj\monster.sbr
c:\users\julien\documents\github\halloween3d\halloweensrc\projet_vc8\temp_obj\mskmodel.sbr
c:\users\julien\documents\github\halloween3d\halloweensrc\projet_vc8\temp_obj\objet.sbr
c:\users\julien\documents\github\halloween3d\halloweensrc\projet_vc8\temp_obj\objet_proc.sbr
c:\users\julien\documents\github\halloween3d\halloweensrc\projet_vc8\temp_obj\opengl.sbr
c:\users\julien\documents\github\halloween3d\halloweensrc\projet_vc8\temp_obj\physic.sbr
c:\users\julien\documents\github\halloween3d\halloweensrc\projet_vc8\temp_obj\player.sbr
c:\users\julien\documents\github\halloween3d\halloweensrc\projet_vc8\temp_obj\script.sbr
c:\users\julien\documents\github\halloween3d\halloweensrc\projet_vc8\temp_obj\shader.sbr
c:\users\julien\documents\github\halloween3d\halloweensrc\projet_vc8\temp_obj\sorting.sbr
c:\users\julien\documents\github\halloween3d\halloweensrc\projet_vc8\temp_obj\story.sbr
c:\users\julien\documents\github\halloween3d\halloweensrc\projet_vc8\temp_obj\textdraw.sbr
c:\users\julien\documents\github\halloween3d\halloweensrc\projet_vc8\temp_obj\tga.sbr
c:\users\julien\documents\github\halloween3d\halloweensrc\projet_vc8\temp_obj\tga.obj
c:\users\julien\documents\github\halloween3d\halloweensrc\projet_vc8\temp_obj\textdraw.obj
c:\users\julien\documents\github\halloween3d\halloweensrc\projet_vc8\temp_obj\story.obj
c:\users\julien\documents\github\halloween3d\halloweensrc\projet_vc8\temp_obj\sorting.obj
c:\users\julien\documents\github\halloween3d\halloweensrc\projet_vc8\temp_obj\shader.obj
c:\users\julien\documents\github\halloween3d\halloweensrc\projet_vc8\temp_obj\script.obj
c:\users\julien\documents\github\halloween3d\halloweensrc\projet_vc8\temp_obj\player.obj
c:\users\julien\documents\github\halloween3d\halloweensrc\projet_vc8\temp_obj\physic.obj
c:\users\julien\documents\github\halloween3d\halloweensrc\projet_vc8\temp_obj\opengl.obj
c:\users\julien\documents\github\halloween3d\halloweensrc\projet_vc8\temp_obj\objet_proc.obj
c:\users\julien\documents\github\halloween3d\halloweensrc\projet_vc8\temp_obj\objet.obj
c:\users\julien\documents\github\halloween3d\halloweensrc\projet_vc8\temp_obj\mskmodel.obj
c:\users\julien\documents\github\halloween3d\halloweensrc\projet_vc8\temp_obj\monster.obj
c:\users\julien\documents\github\halloween3d\halloweensrc\projet_vc8\temp_obj\menu_sel.obj
c:\users\julien\documents\github\halloween3d\halloweensrc\projet_vc8\temp_obj\menu_init.obj
c:\users\julien\documents\github\halloween3d\halloweensrc\projet_vc8\temp_obj\menu.obj
c:\users\julien\documents\github\halloween3d\halloweensrc\projet_vc8\temp_obj\maths.obj
c:\users\julien\documents\github\halloween3d\halloweensrc\projet_vc8\temp_obj\liste.obj
c:\users\julien\documents\github\halloween3d\halloweensrc\projet_vc8\temp_obj\libbass.obj
c:\users\julien\documents\github\halloween3d\halloweensrc\projet_vc8\temp_obj\jpeg.obj
c:\users\julien\documents\github\halloween3d\halloweensrc\projet_vc8\temp_obj\timer.sbr
c:\users\julien\documents\github\halloween3d\halloweensrc\projet_vc8\temp_obj\timer.obj
c:\users\julien\documents\github\halloween3d\halloweensrc\projet_vc8\temp_obj\vc141.idb
c:\users\julien\documents\github\halloween3d\halloweensrc\projet_vc8\halloween.exe
c:\users\julien\documents\github\halloween3d\halloweensrc\projet_vc8\halloween.ilk
c:\users\julien\documents\github\halloween3d\halloweensrc\halloween999.pdb
c:\users\julien\documents\github\halloween3d\halloweensrc\projet_vc8\temp_obj\halloween.res
c:\users\julien\documents\github\halloween3d\halloweensrc\projet_vc8\./halloween.exe
c:\users\julien\documents\github\halloween3d\halloweensrc\projet_vc8\temp_obj\halloween.tlog\bscmake.command.1.tlog
c:\users\julien\documents\github\halloween3d\halloweensrc\projet_vc8\temp_obj\halloween.tlog\bscmake.read.1.tlog
c:\users\julien\documents\github\halloween3d\halloweensrc\projet_vc8\temp_obj\halloween.tlog\bscmake.write.1.tlog
c:\users\julien\documents\github\halloween3d\halloweensrc\projet_vc8\temp_obj\halloween.tlog\cl.command.1.tlog
c:\users\julien\documents\github\halloween3d\halloweensrc\projet_vc8\temp_obj\halloween.tlog\cl.read.1.tlog
c:\users\julien\documents\github\halloween3d\halloweensrc\projet_vc8\temp_obj\halloween.tlog\cl.write.1.tlog
c:\users\julien\documents\github\halloween3d\halloweensrc\projet_vc8\temp_obj\halloween.tlog\link.command.1.tlog
c:\users\julien\documents\github\halloween3d\halloweensrc\projet_vc8\temp_obj\halloween.tlog\link.read.1.tlog
c:\users\julien\documents\github\halloween3d\halloweensrc\projet_vc8\temp_obj\halloween.tlog\link.write.1.tlog
c:\users\julien\documents\github\halloween3d\halloweensrc\projet_vc8\temp_obj\halloween.tlog\rc.command.1.tlog
c:\users\julien\documents\github\halloween3d\halloweensrc\projet_vc8\temp_obj\halloween.tlog\rc.read.1.tlog
c:\users\julien\documents\github\halloween3d\halloweensrc\projet_vc8\temp_obj\halloween.tlog\rc.write.1.tlog
